#
# A fatal error has been detected by the Java Runtime Environment:
#
#  SIGBUS (0xa) at pc=109a5f331, pid=2920, tid=140735090501984
#
# JRE version: 7.0-b01
# Java VM: OpenJDK 64-Bit Server VM (21.0-b17 mixed mode bsd-amd64 compressed oops)
# Problematic frame:
# J  sun.misc.URLClassPath.getResource(Ljava/lang/String;Z)Lsun/misc/Resource;
#
# Failed to write core dump. Core dumps have been disabled. To enable core dumping, try "ulimit -c unlimited" before starting Java again
#
# If you would like to submit a bug report, please visit:
#   http://bugreport.sun.com/bugreport/crash.jsp
#

---------------  T H R E A D  ---------------

Current thread (7fa8da000800):  JavaThread "main" [_thread_in_Java, id=1897113952, stack(7fff6817b000,7fff6897b000)]

siginfo:si_signo=SIGBUS: si_errno=0, si_code=2 (BUS_ADRERR), si_addr=10cabf008

Registers:
RAX=1, RBX=1, RCX=26012071128, RDX=7
RSP=140734948145008, RBP=0, RSI=118, RDI=26031103528
R8 =4, R9 =4294967295, R10=1, R11=26012106704
R12=4507561984, R13=4294967292, R14=140734948144976, R15=140363188668416
RIP=4456837937, EFLAGS=66050, ERR=4
  TRAPNO=14

Top of Stack: (sp=7fff68977770)
7fff68977770:   0000000100000001 000000060e712d40
7fff68977780:   000000060f931e08 000000060e70c598
7fff68977790:   0000000000000007 000000060e713fd0
7fff689777a0:   000000010000002b 000000060f931ea8
7fff689777b0:   000000160002c771 000000060e9b46d0
7fff689777c0:   000000060f931e68 0000000100000042
7fff689777d0:   0000000000000010 000000060f931d30
7fff689777e0:   0000000000000001 00007fff689777e8
7fff689777f0:   00007fff68977868 00000001099e8173
7fff68977800:   000000010cc5d3e8 00000001099e8173
7fff68977810:   0000000000000001 000000060f931e08
7fff68977820:   000000060e712d40 00007fff68977828
7fff68977830:   000000010cccbbab 00007fff68977880
7fff68977840:   000000010ccccce8 0000000000000000
7fff68977850:   000000010cccbbb8 00007fff68977810
7fff68977860:   00007fff68977878 00007fff689778c8
7fff68977870:   00000001099e8173 000000060f931e08
7fff68977880:   000000060e712d40 00007fff68977888
7fff68977890:   000000010cadb56e 00007fff689778e8
7fff689778a0:   000000010cb6a218 0000000000000000
7fff689778b0:   000000010cadb588 00007fff68977878
7fff689778c0:   00007fff689778e8 00007fff68977930
7fff689778d0:   00000001099e8173 0000000000000000
7fff689778e0:   000000060e712d40 000000060f931e08
7fff689778f0:   00007fff689778f0 000000010cadae14
7fff68977900:   00007fff68977950 000000010cb6a218
7fff68977910:   0000000000000000 000000010cadae30
7fff68977920:   00007fff689778e8 00007fff68977948
7fff68977930:   00007fff68977998 00000001099e8173
7fff68977940:   0000000000000000 000000060f931e08
7fff68977950:   000000060e655088 00007fff68977958
7fff68977960:   000000010cadae0c 00007fff689779b8 

Instructions: (pc=109a5f331)
109a5f311:   43 08 41 81 f8 d5 3b 04 00 0f 85 c4 0b 00 00 45
109a5f321:   8b 43 24 45 85 c0 0f 85 af 05 00 00 41 8b 6b 18
109a5f331:   45 8b 44 ec 08 41 81 f8 c4 53 04 00 0f 85 61 0d
109a5f341:   00 00 49 8d 1c ec 48 8b 4c 24 10 48 85 c9 0f 84 

Register to memory mapping:

RAX=1 is an unknown value
RBX=1 is an unknown value
RCX=26012071128 is an oop
[C 
 - klass: {type array char}
 - length: 5
RDX=7 is an unknown value
RSP=140734948145008 is pointing into the stack for thread: 140363188668416
RBP=0 is an unknown value
RSI=118 is an unknown value
RDI=26031103528 is an oop
[C 
 - klass: {type array char}
 - length: 22
R8 =4 is an unknown value
R9 =4294967295 is an unknown value
R10=1 is an unknown value
R11=26012106704 is an oop
sun.misc.URLClassPath$JarLoader 
 - klass: 'sun/misc/URLClassPath$JarLoader'
R12=4507561984 is an unknown value
R13=4294967292 is an unknown value
R14=140734948144976 is pointing into the stack for thread: 140363188668416
R15=140363188668416 is a thread


Stack: [7fff6817b000,7fff6897b000],  sp=7fff68977770,  free space=8177k
Native frames: (J=compiled Java code, j=interpreted, Vv=VM code, C=native code)
J  sun.misc.URLClassPath.getResource(Ljava/lang/String;Z)Lsun/misc/Resource;
